<?xml version="1.0" encoding="UTF-8"?>
<Site BuildName="(empty)"
	BuildStamp="20260831-0836-Experimental"
	Name="JT"
	Generator="ctest-3.22.1"
	CompilerName="/usr/bin/c++"
	CompilerVersion="11.4.0"
	OSName="Linux"
	Hostname="JT"
	OSRelease="6.8.0-138-generic"
	OSVersion="#138~22.04.1-Ubuntu SMP PREEMPT_DYNAMIC Fri Aug  7 13:43:15 UTC "
	OSPlatform="x86_64"
	Is64Bits="1"
	VendorString="GenuineIntel"
	VendorID="Intel Corporation"
	FamilyID="6"
	ModelID="151"
	ProcessorCacheSize="25600"
	NumberOfLogicalCPU="20"
	NumberOfPhysicalCPU="12"
	TotalVirtualMemory="2047"
	TotalPhysicalMemory="15568"
	LogicalProcessorsPerPhysical="1"
	ProcessorClockFrequency="1611.54"
	>
	<Testing>
		<StartDateTime>Aug 31 16:36 CST</StartDateTime>
		<StartTestTime>1788165373</StartTestTime>
		<TestList>
			<Test>./sensor_fusion_timestamp_test</Test>
		</TestList>
		<Test Status="passed">
			<Name>sensor_fusion_timestamp_test</Name>
			<Path>.</Path>
			<FullName>./sensor_fusion_timestamp_test</FullName>
			<FullCommandLine>/usr/bin/python3 "-u" "/opt/ros/humble/share/ament_cmake_test/cmake/run_test.py" "/home/jj/catkin_why_origin/build_ros2/sensor_fusion/test_results/sensor_fusion/sensor_fusion_timestamp_test.gtest.xml" "--package-name" "sensor_fusion" "--output-file" "/home/jj/catkin_why_origin/build_ros2/sensor_fusion/ament_cmake_gtest/sensor_fusion_timestamp_test.txt" "--command" "/home/jj/catkin_why_origin/build_ros2/sensor_fusion/sensor_fusion_timestamp_test" "--gtest_output=xml:/home/jj/catkin_why_origin/build_ros2/sensor_fusion/test_results/sensor_fusion/sensor_fusion_timestamp_test.gtest.xml"</FullCommandLine>
			<Results>
				<NamedMeasurement type="numeric/double" name="Execution Time">
					<Value>0.0461447</Value>
				</NamedMeasurement>
				<NamedMeasurement type="numeric/double" name="Processors">
					<Value>1</Value>
				</NamedMeasurement>
				<NamedMeasurement type="text/string" name="Completion Status">
					<Value>Completed</Value>
				</NamedMeasurement>
				<NamedMeasurement type="text/string" name="Command Line">
					<Value>/usr/bin/python3 "-u" "/opt/ros/humble/share/ament_cmake_test/cmake/run_test.py" "/home/jj/catkin_why_origin/build_ros2/sensor_fusion/test_results/sensor_fusion/sensor_fusion_timestamp_test.gtest.xml" "--package-name" "sensor_fusion" "--output-file" "/home/jj/catkin_why_origin/build_ros2/sensor_fusion/ament_cmake_gtest/sensor_fusion_timestamp_test.txt" "--command" "/home/jj/catkin_why_origin/build_ros2/sensor_fusion/sensor_fusion_timestamp_test" "--gtest_output=xml:/home/jj/catkin_why_origin/build_ros2/sensor_fusion/test_results/sensor_fusion/sensor_fusion_timestamp_test.gtest.xml"</Value>
				</NamedMeasurement>
				<NamedMeasurement type="text/string" name="Environment">
					<Value>#CTEST_RESOURCE_GROUP_COUNT=</Value>
				</NamedMeasurement>
				<Measurement>
					<Value>-- run_test.py: invoking following command in '/home/jj/catkin_why_origin/build_ros2/sensor_fusion':
 - /home/jj/catkin_why_origin/build_ros2/sensor_fusion/sensor_fusion_timestamp_test --gtest_output=xml:/home/jj/catkin_why_origin/build_ros2/sensor_fusion/test_results/sensor_fusion/sensor_fusion_timestamp_test.gtest.xml
Running main() from /opt/ros/humble/src/gtest_vendor/src/gtest_main.cc
[==========] Running 2 tests from 1 test suite.
[----------] Global test environment set-up.
[----------] 2 tests from SensorFusionTimestamp
[ RUN      ] SensorFusionTimestamp.RejectsOutOfOrderMeasurementWithoutMovingTimeBackward
[WARN] [1788165373.547105516] [sensor_fusion]: Dropping out-of-order measurement: current=1900000000 ns, last=2000000000 ns, lag=100.000 ms
[       OK ] SensorFusionTimestamp.RejectsOutOfOrderMeasurementWithoutMovingTimeBackward (0 ms)
[ RUN      ] SensorFusionTimestamp.RejectsOutOfOrderPredictionWithoutThrowing
[WARN] [1788165373.547138952] [sensor_fusion]: Skipping out-of-order prediction: current=1900000000 ns, last=2000000000 ns, lag=100.000 ms
[       OK ] SensorFusionTimestamp.RejectsOutOfOrderPredictionWithoutThrowing (0 ms)
[----------] 2 tests from SensorFusionTimestamp (0 ms total)

[----------] Global test environment tear-down
[==========] 2 tests from 1 test suite ran. (0 ms total)
[  PASSED  ] 2 tests.
-- run_test.py: return code 0
-- run_test.py: inject classname prefix into gtest result file '/home/jj/catkin_why_origin/build_ros2/sensor_fusion/test_results/sensor_fusion/sensor_fusion_timestamp_test.gtest.xml'
-- run_test.py: verify result file '/home/jj/catkin_why_origin/build_ros2/sensor_fusion/test_results/sensor_fusion/sensor_fusion_timestamp_test.gtest.xml'
</Value>
				</Measurement>
			</Results>
			<Labels>
				<Label>gtest</Label>
			</Labels>
		</Test>
		<EndDateTime>Aug 31 16:36 CST</EndDateTime>
		<EndTestTime>1788165373</EndTestTime>
		<ElapsedMinutes>0</ElapsedMinutes>
	</Testing>
</Site>
