<?xml version="1.0" encoding="UTF-8"?>
<testsuites tests="2" failures="0" disabled="0" errors="0" time="0" timestamp="2026-08-31T16:36:13" name="AllTests">
  <testsuite name="SensorFusionTimestamp" tests="2" failures="0" disabled="0" errors="0" time="0" timestamp="2026-08-31T16:36:13">
    <testcase name="RejectsOutOfOrderMeasurementWithoutMovingTimeBackward" status="run" result="completed" time="0" timestamp="2026-08-31T16:36:13" classname="sensor_fusion.SensorFusionTimestamp" />
    <testcase name="RejectsOutOfOrderPredictionWithoutThrowing" status="run" result="completed" time="0" timestamp="2026-08-31T16:36:13" classname="sensor_fusion.SensorFusionTimestamp" />
  </testsuite>
</testsuites>
